0 info it worked if it ends with ok
1 verbose cli [ 'node', '/usr/local/bin/npm', 'install', 'compass--save' ]
2 info using npm@2.11.3
3 info using node@v0.12.7
4 verbose install initial load of /Users/Matt/webdev/battleships/package.json
5 verbose readDependencies loading dependencies from /Users/Matt/webdev/battleships/package.json
6 silly cache add args [ 'compass--save', null ]
7 verbose cache add spec compass--save
8 silly cache add parsed spec { raw: 'compass--save',
8 silly cache add   scope: null,
8 silly cache add   name: 'compass--save',
8 silly cache add   rawSpec: '',
8 silly cache add   spec: '*',
8 silly cache add   type: 'range' }
9 silly addNamed compass--save@*
10 verbose addNamed "*" is a valid semver range for compass--save
11 silly addNameRange { name: 'compass--save', range: '*', hasData: false }
12 silly mapToRegistry name compass--save
13 silly mapToRegistry using default registry
14 silly mapToRegistry registry https://registry.npmjs.org/
15 silly mapToRegistry uri https://registry.npmjs.org/compass--save
16 verbose addNameRange registry:https://registry.npmjs.org/compass--save not in flight; fetching
17 verbose request uri https://registry.npmjs.org/compass--save
18 verbose request no auth needed
19 info attempt registry request try #1 at 10:55:49
20 verbose request id 332ac8abf01d71c2
21 http request GET https://registry.npmjs.org/compass--save
22 http 404 https://registry.npmjs.org/compass--save
23 verbose headers { server: 'CouchDB/1.5.0 (Erlang OTP/R16B03)',
23 verbose headers   'content-type': 'application/json',
23 verbose headers   'cache-control': 'max-age=0',
23 verbose headers   'content-length': '51',
23 verbose headers   'accept-ranges': 'bytes',
23 verbose headers   date: 'Thu, 16 Jul 2015 08:55:49 GMT',
23 verbose headers   via: '1.1 varnish',
23 verbose headers   age: '0',
23 verbose headers   connection: 'keep-alive',
23 verbose headers   'x-served-by': 'cache-fra1236-FRA',
23 verbose headers   'x-cache': 'MISS',
23 verbose headers   'x-cache-hits': '0',
23 verbose headers   'x-timer': 'S1437036949.380169,VS0,VE103' }
24 silly get cb [ 404,
24 silly get   { server: 'CouchDB/1.5.0 (Erlang OTP/R16B03)',
24 silly get     'content-type': 'application/json',
24 silly get     'cache-control': 'max-age=0',
24 silly get     'content-length': '51',
24 silly get     'accept-ranges': 'bytes',
24 silly get     date: 'Thu, 16 Jul 2015 08:55:49 GMT',
24 silly get     via: '1.1 varnish',
24 silly get     age: '0',
24 silly get     connection: 'keep-alive',
24 silly get     'x-served-by': 'cache-fra1236-FRA',
24 silly get     'x-cache': 'MISS',
24 silly get     'x-cache-hits': '0',
24 silly get     'x-timer': 'S1437036949.380169,VS0,VE103' } ]
25 verbose stack Error: 404 Not Found: compass--save
25 verbose stack     at CachingRegistryClient.<anonymous> (/usr/local/lib/node_modules/npm/node_modules/npm-registry-client/lib/request.js:245:14)
25 verbose stack     at Request._callback (/usr/local/lib/node_modules/npm/node_modules/npm-registry-client/lib/request.js:170:14)
25 verbose stack     at Request.self.callback (/usr/local/lib/node_modules/npm/node_modules/request/request.js:354:22)
25 verbose stack     at Request.emit (events.js:110:17)
25 verbose stack     at Request.<anonymous> (/usr/local/lib/node_modules/npm/node_modules/request/request.js:1207:14)
25 verbose stack     at Request.emit (events.js:129:20)
25 verbose stack     at IncomingMessage.<anonymous> (/usr/local/lib/node_modules/npm/node_modules/request/request.js:1153:12)
25 verbose stack     at IncomingMessage.emit (events.js:129:20)
25 verbose stack     at _stream_readable.js:908:16
25 verbose stack     at process._tickCallback (node.js:355:11)
26 verbose statusCode 404
27 verbose pkgid compass--save
28 verbose cwd /Users/Matt/webdev/battleships
29 error Darwin 14.4.0
30 error argv "node" "/usr/local/bin/npm" "install" "compass--save"
31 error node v0.12.7
32 error npm  v2.11.3
33 error code E404
34 error 404 Not Found: compass--save
34 error 404
34 error 404 'compass--save' is not in the npm registry.
34 error 404 You should bug the author to publish it (or use the name yourself!)
34 error 404
34 error 404 Note that you can also install from a
34 error 404 tarball, folder, http url, or git url.
35 verbose exit [ 1, true ]
